<?xml version="1.0" encoding="UTF-8"?>
<testng-results ignored="0" total="1" passed="1" failed="0" skipped="0">
  <reporter-output>
  </reporter-output>
  <suite started-at="2022-12-12T15:49:06 IST" name="Default suite" finished-at="2022-12-12T15:49:19 IST" duration-ms="12853">
    <groups>
    </groups>
    <test started-at="2022-12-12T15:49:06 IST" name="Default test" finished-at="2022-12-12T15:49:19 IST" duration-ms="12853">
      <class name="com.lambdatest.automation.HiddenElementsDemo">
        <test-method is-config="true" signature="setup(java.lang.reflect.Method, org.testng.ITestContext)[pri:0, instance:com.lambdatest.automation.HiddenElementsDemo@757acd7b]" started-at="2022-12-12T15:49:06 IST" name="setup" finished-at="2022-12-12T15:49:12 IST" duration-ms="5853" status="PASS">
          <params>
            <param index="0">
              <value>
                <![CDATA[public void com.lambdatest.automation.HiddenElementsDemo.basicTest() throws java.lang.InterruptedException]]>
              </value>
            </param>
            <param index="1">
              <value>
                <![CDATA[org.testng.TestRunner@6826c41e]]>
              </value>
            </param>
          </params>
          <reporter-output>
          </reporter-output>
        </test-method> <!-- setup -->
        <test-method signature="basicTest()[pri:0, instance:com.lambdatest.automation.HiddenElementsDemo@757acd7b]" started-at="2022-12-12T15:49:12 IST" name="basicTest" finished-at="2022-12-12T15:49:18 IST" duration-ms="6552" status="PASS">
          <reporter-output>
          </reporter-output>
        </test-method> <!-- basicTest -->
        <test-method is-config="true" signature="tearDown()[pri:0, instance:com.lambdatest.automation.HiddenElementsDemo@757acd7b]" started-at="2022-12-12T15:49:18 IST" name="tearDown" finished-at="2022-12-12T15:49:19 IST" duration-ms="402" status="PASS">
          <reporter-output>
          </reporter-output>
        </test-method> <!-- tearDown -->
      </class> <!-- com.lambdatest.automation.HiddenElementsDemo -->
    </test> <!-- Default test -->
  </suite> <!-- Default suite -->
</testng-results>
